/home/interns/Desktop/face3/face3/models/arcface.py:75: FutureWarning: You are using `torch.load` with `weights_only=False` (the current default value), which uses the default pickle module implicitly. It is possible to construct malicious pickle data which will execute arbitrary code during unpickling (See https://github.com/pytorch/pytorch/blob/main/SECURITY.md#untrusted-models for more details). In a future release, the default value for `weights_only` will be flipped to `True`. This limits the functions that could be executed during unpickling. Arbitrary objects will no longer be allowed to be loaded via this mode unless they are explicitly allowlisted by the user via `torch.serialization.add_safe_globals`. We recommend you start setting `weights_only=True` for any use case where you don't have full control of the loaded file. Please open an issue on GitHub for any issues related to this experimental feature.
  payload = torch.load(self.checkpoint_path, map_location="cpu")
[face3] input face_002: /home/interns/Desktop/mat/data/face_002/instruct_512.png
[face3] input face_005: /home/interns/Desktop/mat/data/face_005/instruct_512.png
Loading pipeline components...:   0%|          | 0/6 [00:00<?, ?it/s][0;93m2026-07-08 16:13:49.239895361 [W:onnxruntime:Default, device_discovery.cc:164 DiscoverDevicesForPlatform] GPU device discovery failed: device_discovery.cc:89 ReadFileContents Failed to open file: "/sys/class/drm/card0/device/vendor"[m

Loading weights:   0%|          | 0/196 [00:00<?, ?it/s][A
Loading weights:  94%|█████████▍| 184/196 [00:00<00:00, 1822.78it/s][ALoading weights: 100%|██████████| 196/196 [00:00<00:00, 1876.19it/s]
Loading pipeline components...:  33%|███▎      | 2/6 [00:00<00:00,  4.36it/s]Loading pipeline components...:  67%|██████▋   | 4/6 [00:00<00:00,  7.21it/s]Loading pipeline components...:  83%|████████▎ | 5/6 [00:01<00:00,  3.99it/s]Loading pipeline components...: 100%|██████████| 6/6 [00:03<00:00,  1.18it/s]Loading pipeline components...: 100%|██████████| 6/6 [00:03<00:00,  1.78it/s]
/home/interns/Desktop/face3/face3/models/iresnet.py:94: FutureWarning: `torch.cuda.amp.autocast(args...)` is deprecated. Please use `torch.amp.autocast('cuda', args...)` instead.
  with torch.cuda.amp.autocast(enabled=self.fp16):
/home/interns/Desktop/face3/face3/models/iresnet.py:94: FutureWarning: `torch.cuda.amp.autocast(args...)` is deprecated. Please use `torch.amp.autocast('cuda', args...)` instead.
  with torch.cuda.amp.autocast(enabled=self.fp16):
/home/interns/Desktop/face3/face3/models/iresnet.py:94: FutureWarning: `torch.cuda.amp.autocast(args...)` is deprecated. Please use `torch.amp.autocast('cuda', args...)` instead.
  with torch.cuda.amp.autocast(enabled=self.fp16):
/home/interns/Desktop/face3/face3/models/iresnet.py:94: FutureWarning: `torch.cuda.amp.autocast(args...)` is deprecated. Please use `torch.amp.autocast('cuda', args...)` instead.
  with torch.cuda.amp.autocast(enabled=self.fp16):
/home/interns/Desktop/face3/face3/models/iresnet.py:94: FutureWarning: `torch.cuda.amp.autocast(args...)` is deprecated. Please use `torch.amp.autocast('cuda', args...)` instead.
  with torch.cuda.amp.autocast(enabled=self.fp16):
[face3] running edited_output_identity__face_002__add_black_sunglasses image=/home/interns/Desktop/mat/data/face_002/instruct_512.png
[face3] generating fixed clean edit reference: prompt='add black sunglasses' steps=20
[face3] running edited_output_identity__face_002__add_headphones image=/home/interns/Desktop/mat/data/face_002/instruct_512.png
[face3] generating fixed clean edit reference: prompt='add headphones' steps=20
[face3] running edited_output_identity__face_005__add_black_sunglasses image=/home/interns/Desktop/mat/data/face_005/instruct_512.png
[face3] generating fixed clean edit reference: prompt='add black sunglasses' steps=20
[face3] running edited_output_identity__face_005__add_headphones image=/home/interns/Desktop/mat/data/face_005/instruct_512.png
[face3] generating fixed clean edit reference: prompt='add headphones' steps=20
[face3-run] wrote: outputs/edited_output_identity_6/20260708_161327_edited_output_identity_all_sequential
